{
  "D:/m/rsschool/rsschool/src/components/card/Card.tsx": {
    "path": "D:/m/rsschool/rsschool/src/components/card/Card.tsx",
    "statementMap": {
      "0": {
        "start": {
          "line": 5,
          "column": 0
        },
        "end": {
          "line": 15,
          "column": 1
        }
      },
      "1": {
        "start": {
          "line": 6,
          "column": 2
        },
        "end": {
          "line": 8,
          "column": 3
        }
      },
      "2": {
        "start": {
          "line": 7,
          "column": 4
        },
        "end": {
          "line": 7,
          "column": 165
        }
      },
      "3": {
        "start": {
          "line": 9,
          "column": 2
        },
        "end": {
          "line": 9,
          "column": 39
        }
      },
      "4": {
        "start": {
          "line": 10,
          "column": 2
        },
        "end": {
          "line": 10,
          "column": 39
        }
      },
      "5": {
        "start": {
          "line": 11,
          "column": 2
        },
        "end": {
          "line": 13,
          "column": 4
        }
      },
      "6": {
        "start": {
          "line": 12,
          "column": 4
        },
        "end": {
          "line": 12,
          "column": 95
        }
      },
      "7": {
        "start": {
          "line": 14,
          "column": 2
        },
        "end": {
          "line": 14,
          "column": 75
        }
      },
      "8": {
        "start": {
          "line": 17,
          "column": 13
        },
        "end": {
          "line": 58,
          "column": 1
        }
      },
      "9": {
        "start": {
          "line": 25,
          "column": 2
        },
        "end": {
          "line": 57,
          "column": 11
        }
      },
      "10": {
        "start": {
          "line": 25,
          "column": 79
        },
        "end": {
          "line": 25,
          "column": 90
        }
      },
      "11": {
        "start": {
          "line": 59,
          "column": 0
        },
        "end": {
          "line": 59,
          "column": 10
        }
      },
      "12": {
        "start": {
          "line": 62,
          "column": 0
        },
        "end": {
          "line": 62,
          "column": 25
        }
      },
      "13": {
        "start": {
          "line": 63,
          "column": 0
        },
        "end": {
          "line": 79,
          "column": 1
        }
      },
      "14": {
        "start": {
          "line": 64,
          "column": 2
        },
        "end": {
          "line": 64,
          "column": 39
        }
      },
      "15": {
        "start": {
          "line": 65,
          "column": 2
        },
        "end": {
          "line": 65,
          "column": 39
        }
      },
      "16": {
        "start": {
          "line": 66,
          "column": 2
        },
        "end": {
          "line": 78,
          "column": 5
        }
      },
      "17": {
        "start": {
          "line": 70,
          "column": 4
        },
        "end": {
          "line": 70,
          "column": 121
        }
      },
      "18": {
        "start": {
          "line": 71,
          "column": 4
        },
        "end": {
          "line": 77,
          "column": 7
        }
      },
      "19": {
        "start": {
          "line": 72,
          "column": 6
        },
        "end": {
          "line": 73,
          "column": 15
        }
      },
      "20": {
        "start": {
          "line": 73,
          "column": 8
        },
        "end": {
          "line": 73,
          "column": 15
        }
      },
      "21": {
        "start": {
          "line": 74,
          "column": 32
        },
        "end": {
          "line": 74,
          "column": 115
        }
      },
      "22": {
        "start": {
          "line": 75,
          "column": 6
        },
        "end": {
          "line": 76,
          "column": 54
        }
      },
      "23": {
        "start": {
          "line": 76,
          "column": 8
        },
        "end": {
          "line": 76,
          "column": 54
        }
      }
    },
    "fnMap": {
      "0": {
        "name": "(anonymous_0)",
        "decl": {
          "start": {
            "line": 11,
            "column": 24
          },
          "end": {
            "line": 11,
            "column": 25
          }
        },
        "loc": {
          "start": {
            "line": 11,
            "column": 38
          },
          "end": {
            "line": 13,
            "column": 3
          }
        },
        "line": 11
      },
      "1": {
        "name": "(anonymous_1)",
        "decl": {
          "start": {
            "line": 17,
            "column": 13
          },
          "end": {
            "line": 17,
            "column": 14
          }
        },
        "loc": {
          "start": {
            "line": 24,
            "column": 6
          },
          "end": {
            "line": 58,
            "column": 1
          }
        },
        "line": 24
      },
      "2": {
        "name": "(anonymous_2)",
        "decl": {
          "start": {
            "line": 25,
            "column": 73
          },
          "end": {
            "line": 25,
            "column": 74
          }
        },
        "loc": {
          "start": {
            "line": 25,
            "column": 79
          },
          "end": {
            "line": 25,
            "column": 90
          }
        },
        "line": 25
      },
      "3": {
        "name": "(anonymous_3)",
        "decl": {
          "start": {
            "line": 69,
            "column": 9
          },
          "end": {
            "line": 69,
            "column": 10
          }
        },
        "loc": {
          "start": {
            "line": 69,
            "column": 29
          },
          "end": {
            "line": 78,
            "column": 3
          }
        },
        "line": 69
      },
      "4": {
        "name": "(anonymous_4)",
        "decl": {
          "start": {
            "line": 71,
            "column": 27
          },
          "end": {
            "line": 71,
            "column": 28
          }
        },
        "loc": {
          "start": {
            "line": 71,
            "column": 44
          },
          "end": {
            "line": 77,
            "column": 5
          }
        },
        "line": 71
      }
    },
    "branchMap": {
      "0": {
        "loc": {
          "start": {
            "line": 5,
            "column": 0
          },
          "end": {
            "line": 15,
            "column": 1
          }
        },
        "type": "if",
        "locations": [
          {
            "start": {
              "line": 5,
              "column": 0
            },
            "end": {
              "line": 15,
              "column": 1
            }
          },
          {
            "start": {},
            "end": {}
          }
        ],
        "line": 5
      },
      "1": {
        "loc": {
          "start": {
            "line": 6,
            "column": 2
          },
          "end": {
            "line": 8,
            "column": 3
          }
        },
        "type": "if",
        "locations": [
          {
            "start": {
              "line": 6,
              "column": 2
            },
            "end": {
              "line": 8,
              "column": 3
            }
          },
          {
            "start": {},
            "end": {}
          }
        ],
        "line": 6
      },
      "2": {
        "loc": {
          "start": {
            "line": 63,
            "column": 0
          },
          "end": {
            "line": 79,
            "column": 1
          }
        },
        "type": "if",
        "locations": [
          {
            "start": {
              "line": 63,
              "column": 0
            },
            "end": {
              "line": 79,
              "column": 1
            }
          },
          {
            "start": {},
            "end": {}
          }
        ],
        "line": 63
      },
      "3": {
        "loc": {
          "start": {
            "line": 72,
            "column": 6
          },
          "end": {
            "line": 73,
            "column": 15
          }
        },
        "type": "if",
        "locations": [
          {
            "start": {
              "line": 72,
              "column": 6
            },
            "end": {
              "line": 73,
              "column": 15
            }
          },
          {
            "start": {},
            "end": {}
          }
        ],
        "line": 72
      },
      "4": {
        "loc": {
          "start": {
            "line": 75,
            "column": 6
          },
          "end": {
            "line": 76,
            "column": 54
          }
        },
        "type": "if",
        "locations": [
          {
            "start": {
              "line": 75,
              "column": 6
            },
            "end": {
              "line": 76,
              "column": 54
            }
          },
          {
            "start": {},
            "end": {}
          }
        ],
        "line": 75
      }
    },
    "s": {
      "0": 1,
      "1": 1,
      "2": 0,
      "3": 1,
      "4": 1,
      "5": 1,
      "6": 1,
      "7": 1,
      "8": 1,
      "9": 0,
      "10": 0,
      "11": 1,
      "12": 1,
      "13": 1,
      "14": 1,
      "15": 1,
      "16": 1,
      "17": 1,
      "18": 1,
      "19": 0,
      "20": 0,
      "21": 0,
      "22": 0,
      "23": 0
    },
    "f": {
      "0": 1,
      "1": 0,
      "2": 0,
      "3": 1,
      "4": 0
    },
    "b": {
      "0": [
        1,
        0
      ],
      "1": [
        0,
        1
      ],
      "2": [
        1,
        0
      ],
      "3": [
        0,
        0
      ],
      "4": [
        0,
        0
      ]
    },
    "inputSourceMap": {
      "version": 3,
      "mappings": "AAWM;AAXN,OAAOA,oBAAkB;AAAA;AAAA;AAAA;AAAA;AAAA;AAAA;AAAA;AAAA;AAAA;AAAA;AAAA;AAAA;AAAA;AACzB,OAAOC,WAAW;AAOlB,MAAMC,OAAwBA,CAAC;AAAA,EAAEC;AAAAA,EAAIC;AAAAA,EAAiBC;AAAAA,EAAYC;AAAAA,EAAMC;AAAAA,EAAOC;AAAQ,MAAM;AAC3F,SACE,uBAAC,SAAI,WAAWP,MAAMQ,MAAM,SAAS,MAAMD,QAAQL,EAAE,GAAG,eAAY,QAClE;AAAA,2BAAC,SAAI,WAAWF,MAAMS,KAAK,KAAKJ,KAAKK,SAAS,KAAKP,mBAAnD;AAAA;AAAA;AAAA;AAAA,WAAmE;AAAA,IACnE,uBAAC,SACC,iCAAC,SAAI,WAAWH,MAAMW,aACpB;AAAA,6BAAC,OAAG,cAAIC,KAAKR,UAAU,EAAES,aAAY,KAArC;AAAA;AAAA;AAAA;AAAA,aAAwC;AAAA,MACxC,uBAAC,SAAI,WAAWb,MAAMc,QAAQ,OAAO;AAAA,QAAEC,iBAAkB,GAAET;AAAAA,MAAQ,KAAnE;AAAA;AAAA;AAAA;AAAA,aAAsE;AAAA,SAFxE;AAAA;AAAA;AAAA;AAAA,WAGA,KAJF;AAAA;AAAA;AAAA;AAAA,WAKA;AAAA,OAPF;AAAA;AAAA;AAAA;AAAA,SAQA;AAEJ;AAAEU,KAZIf;AAcN,eAAeA;AAAK;AAAAgB",
      "names": [
        "React",
        "style",
        "Card",
        "id",
        "alt_description",
        "created_at",
        "urls",
        "color",
        "onClick",
        "card",
        "img",
        "regular",
        "description",
        "Date",
        "toDateString",
        "square",
        "backgroundColor",
        "_c",
        "$RefreshReg$"
      ],
      "sources": [
        "D:/m/rsschool/rsschool/src/components/card/Card.tsx"
      ],
      "file": "D:/m/rsschool/rsschool/src/components/card/Card.tsx"
    },
    "_coverageSchema": "1a1c01bbd47fc00a2c39e90264f33305004495a9",
    "hash": "30c1c3de7cf334e291a8db59f4cc17d49a4a41af"
  },
  "D:/m/rsschool/rsschool/src/components/modal/Modal.tsx": {
    "path": "D:/m/rsschool/rsschool/src/components/modal/Modal.tsx",
    "statementMap": {
      "0": {
        "start": {
          "line": 5,
          "column": 0
        },
        "end": {
          "line": 15,
          "column": 1
        }
      },
      "1": {
        "start": {
          "line": 6,
          "column": 2
        },
        "end": {
          "line": 8,
          "column": 3
        }
      },
      "2": {
        "start": {
          "line": 7,
          "column": 4
        },
        "end": {
          "line": 7,
          "column": 165
        }
      },
      "3": {
        "start": {
          "line": 9,
          "column": 2
        },
        "end": {
          "line": 9,
          "column": 39
        }
      },
      "4": {
        "start": {
          "line": 10,
          "column": 2
        },
        "end": {
          "line": 10,
          "column": 39
        }
      },
      "5": {
        "start": {
          "line": 11,
          "column": 2
        },
        "end": {
          "line": 13,
          "column": 4
        }
      },
      "6": {
        "start": {
          "line": 12,
          "column": 4
        },
        "end": {
          "line": 12,
          "column": 97
        }
      },
      "7": {
        "start": {
          "line": 14,
          "column": 2
        },
        "end": {
          "line": 14,
          "column": 75
        }
      },
      "8": {
        "start": {
          "line": 24,
          "column": 30
        },
        "end": {
          "line": 26,
          "column": 3
        }
      },
      "9": {
        "start": {
          "line": 25,
          "column": 4
        },
        "end": {
          "line": 25,
          "column": 14
        }
      },
      "10": {
        "start": {
          "line": 27,
          "column": 27
        },
        "end": {
          "line": 27,
          "column": 53
        }
      },
      "11": {
        "start": {
          "line": 27,
          "column": 34
        },
        "end": {
          "line": 27,
          "column": 53
        }
      },
      "12": {
        "start": {
          "line": 28,
          "column": 2
        },
        "end": {
          "line": 29,
          "column": 16
        }
      },
      "13": {
        "start": {
          "line": 29,
          "column": 4
        },
        "end": {
          "line": 29,
          "column": 16
        }
      },
      "14": {
        "start": {
          "line": 30,
          "column": 2
        },
        "end": {
          "line": 56,
          "column": 27
        }
      },
      "15": {
        "start": {
          "line": 30,
          "column": 222
        },
        "end": {
          "line": 30,
          "column": 241
        }
      },
      "16": {
        "start": {
          "line": 58,
          "column": 0
        },
        "end": {
          "line": 58,
          "column": 11
        }
      },
      "17": {
        "start": {
          "line": 61,
          "column": 0
        },
        "end": {
          "line": 61,
          "column": 26
        }
      },
      "18": {
        "start": {
          "line": 62,
          "column": 0
        },
        "end": {
          "line": 78,
          "column": 1
        }
      },
      "19": {
        "start": {
          "line": 63,
          "column": 2
        },
        "end": {
          "line": 63,
          "column": 39
        }
      },
      "20": {
        "start": {
          "line": 64,
          "column": 2
        },
        "end": {
          "line": 64,
          "column": 39
        }
      },
      "21": {
        "start": {
          "line": 65,
          "column": 2
        },
        "end": {
          "line": 77,
          "column": 5
        }
      },
      "22": {
        "start": {
          "line": 69,
          "column": 4
        },
        "end": {
          "line": 69,
          "column": 123
        }
      },
      "23": {
        "start": {
          "line": 70,
          "column": 4
        },
        "end": {
          "line": 76,
          "column": 7
        }
      },
      "24": {
        "start": {
          "line": 71,
          "column": 6
        },
        "end": {
          "line": 72,
          "column": 15
        }
      },
      "25": {
        "start": {
          "line": 72,
          "column": 8
        },
        "end": {
          "line": 72,
          "column": 15
        }
      },
      "26": {
        "start": {
          "line": 73,
          "column": 32
        },
        "end": {
          "line": 73,
          "column": 115
        }
      },
      "27": {
        "start": {
          "line": 74,
          "column": 6
        },
        "end": {
          "line": 75,
          "column": 54
        }
      },
      "28": {
        "start": {
          "line": 75,
          "column": 8
        },
        "end": {
          "line": 75,
          "column": 54
        }
      }
    },
    "fnMap": {
      "0": {
        "name": "(anonymous_0)",
        "decl": {
          "start": {
            "line": 11,
            "column": 24
          },
          "end": {
            "line": 11,
            "column": 25
          }
        },
        "loc": {
          "start": {
            "line": 11,
            "column": 38
          },
          "end": {
            "line": 13,
            "column": 3
          }
        },
        "line": 11
      },
      "1": {
        "name": "Modal",
        "decl": {
          "start": {
            "line": 18,
            "column": 9
          },
          "end": {
            "line": 18,
            "column": 14
          }
        },
        "loc": {
          "start": {
            "line": 23,
            "column": 3
          },
          "end": {
            "line": 57,
            "column": 1
          }
        },
        "line": 23
      },
      "2": {
        "name": "(anonymous_2)",
        "decl": {
          "start": {
            "line": 24,
            "column": 30
          },
          "end": {
            "line": 24,
            "column": 31
          }
        },
        "loc": {
          "start": {
            "line": 24,
            "column": 36
          },
          "end": {
            "line": 26,
            "column": 3
          }
        },
        "line": 24
      },
      "3": {
        "name": "(anonymous_3)",
        "decl": {
          "start": {
            "line": 27,
            "column": 27
          },
          "end": {
            "line": 27,
            "column": 28
          }
        },
        "loc": {
          "start": {
            "line": 27,
            "column": 34
          },
          "end": {
            "line": 27,
            "column": 53
          }
        },
        "line": 27
      },
      "4": {
        "name": "(anonymous_4)",
        "decl": {
          "start": {
            "line": 30,
            "column": 215
          },
          "end": {
            "line": 30,
            "column": 216
          }
        },
        "loc": {
          "start": {
            "line": 30,
            "column": 222
          },
          "end": {
            "line": 30,
            "column": 241
          }
        },
        "line": 30
      },
      "5": {
        "name": "(anonymous_5)",
        "decl": {
          "start": {
            "line": 68,
            "column": 9
          },
          "end": {
            "line": 68,
            "column": 10
          }
        },
        "loc": {
          "start": {
            "line": 68,
            "column": 29
          },
          "end": {
            "line": 77,
            "column": 3
          }
        },
        "line": 68
      },
      "6": {
        "name": "(anonymous_6)",
        "decl": {
          "start": {
            "line": 70,
            "column": 27
          },
          "end": {
            "line": 70,
            "column": 28
          }
        },
        "loc": {
          "start": {
            "line": 70,
            "column": 44
          },
          "end": {
            "line": 76,
            "column": 5
          }
        },
        "line": 70
      }
    },
    "branchMap": {
      "0": {
        "loc": {
          "start": {
            "line": 5,
            "column": 0
          },
          "end": {
            "line": 15,
            "column": 1
          }
        },
        "type": "if",
        "locations": [
          {
            "start": {
              "line": 5,
              "column": 0
            },
            "end": {
              "line": 15,
              "column": 1
            }
          },
          {
            "start": {},
            "end": {}
          }
        ],
        "line": 5
      },
      "1": {
        "loc": {
          "start": {
            "line": 6,
            "column": 2
          },
          "end": {
            "line": 8,
            "column": 3
          }
        },
        "type": "if",
        "locations": [
          {
            "start": {
              "line": 6,
              "column": 2
            },
            "end": {
              "line": 8,
              "column": 3
            }
          },
          {
            "start": {},
            "end": {}
          }
        ],
        "line": 6
      },
      "2": {
        "loc": {
          "start": {
            "line": 28,
            "column": 2
          },
          "end": {
            "line": 29,
            "column": 16
          }
        },
        "type": "if",
        "locations": [
          {
            "start": {
              "line": 28,
              "column": 2
            },
            "end": {
              "line": 29,
              "column": 16
            }
          },
          {
            "start": {},
            "end": {}
          }
        ],
        "line": 28
      },
      "3": {
        "loc": {
          "start": {
            "line": 32,
            "column": 6
          },
          "end": {
            "line": 36,
            "column": 14
          }
        },
        "type": "binary-expr",
        "locations": [
          {
            "start": {
              "line": 32,
              "column": 6
            },
            "end": {
              "line": 32,
              "column": 11
            }
          },
          {
            "start": {
              "line": 32,
              "column": 31
            },
            "end": {
              "line": 36,
              "column": 14
            }
          }
        ],
        "line": 32
      },
      "4": {
        "loc": {
          "start": {
            "line": 62,
            "column": 0
          },
          "end": {
            "line": 78,
            "column": 1
          }
        },
        "type": "if",
        "locations": [
          {
            "start": {
              "line": 62,
              "column": 0
            },
            "end": {
              "line": 78,
              "column": 1
            }
          },
          {
            "start": {},
            "end": {}
          }
        ],
        "line": 62
      },
      "5": {
        "loc": {
          "start": {
            "line": 71,
            "column": 6
          },
          "end": {
            "line": 72,
            "column": 15
          }
        },
        "type": "if",
        "locations": [
          {
            "start": {
              "line": 71,
              "column": 6
            },
            "end": {
              "line": 72,
              "column": 15
            }
          },
          {
            "start": {},
            "end": {}
          }
        ],
        "line": 71
      },
      "6": {
        "loc": {
          "start": {
            "line": 74,
            "column": 6
          },
          "end": {
            "line": 75,
            "column": 54
          }
        },
        "type": "if",
        "locations": [
          {
            "start": {
              "line": 74,
              "column": 6
            },
            "end": {
              "line": 75,
              "column": 54
            }
          },
          {
            "start": {},
            "end": {}
          }
        ],
        "line": 74
      }
    },
    "s": {
      "0": 1,
      "1": 1,
      "2": 0,
      "3": 1,
      "4": 1,
      "5": 1,
      "6": 1,
      "7": 1,
      "8": 0,
      "9": 0,
      "10": 0,
      "11": 0,
      "12": 0,
      "13": 0,
      "14": 0,
      "15": 0,
      "16": 1,
      "17": 1,
      "18": 1,
      "19": 1,
      "20": 1,
      "21": 1,
      "22": 1,
      "23": 1,
      "24": 0,
      "25": 0,
      "26": 0,
      "27": 0,
      "28": 0
    },
    "f": {
      "0": 1,
      "1": 0,
      "2": 0,
      "3": 0,
      "4": 0,
      "5": 1,
      "6": 0
    },
    "b": {
      "0": [
        1,
        0
      ],
      "1": [
        0,
        1
      ],
      "2": [
        0,
        0
      ],
      "3": [
        0,
        0
      ],
      "4": [
        1,
        0
      ],
      "5": [
        0,
        0
      ],
      "6": [
        0,
        0
      ]
    },
    "inputSourceMap": {
      "version": 3,
      "mappings": "AAuBoB;AAvBpB,OAAOA,oBAAkB;AAAA;AAAA;AAAA;AAAA;AAAA;AAAA;AAAA;AAAA;AAAA;AAAA;AAAA;AAAA;AAAA;AACzB,OAAOC,YAAY;AACnB,SAASC,oBAAoB;AAS7B,SAASC,MAAM;AAAA,EAAEC;AAAAA,EAAQC;AAAAA,EAASC;AAAAA,EAAUC;AAAa,GAAG;AAC1D,QAAMC,sBAAsBA,MAAM;AAChCH,YAAO;AAAA,EACT;AAEA,QAAMI,mBAAmBA,CAACC,MAAwCA,EAAEC,gBAAe;AAEnF,MAAI,CAACP;AAAQ,WAAO;AACpB,SAAOF,aACL,uBAAC,SAAI,WAAWD,OAAOW,UAAU,SAASJ,qBAAqB,eAAY,YACzE,iCAAC,SAAI,WAAWP,OAAOY,OAAO,SAAUH,OAAMD,iBAAiBC,CAAC,GAAG,eAAY,SAC7E;AAAA,2BAAC,SAAI,WAAWT,OAAOa,QACpBP;AAAAA,eAAS,uBAAC,OAAGA,mBAAJ;AAAA;AAAA;AAAA;AAAA,aAAU;AAAA,MACpB,uBAAC,YAAO,SAASF,SAAS,WAAWJ,OAAOc,QAAQ,iBAApD;AAAA;AAAA;AAAA;AAAA,aAEA;AAAA,SAJF;AAAA;AAAA;AAAA;AAAA,WAKA;AAAA,IACCT;AAAAA,OAPH;AAAA;AAAA;AAAA;AAAA,SAQA,KATF;AAAA;AAAA;AAAA;AAAA,SAUA,GACAU,SAASC,IAAI;AAEjB;AAACC,KAtBQf;AAwBT,eAAeA;AAAM;AAAAgB",
      "names": [
        "React",
        "styles",
        "createPortal",
        "Modal",
        "isOpen",
        "onClose",
        "children",
        "title",
        "handleBackdropClick",
        "handleModalClick",
        "e",
        "stopPropagation",
        "backdrop",
        "modal",
        "header",
        "button",
        "document",
        "body",
        "_c",
        "$RefreshReg$"
      ],
      "sources": [
        "D:/m/rsschool/rsschool/src/components/modal/Modal.tsx"
      ],
      "file": "D:/m/rsschool/rsschool/src/components/modal/Modal.tsx"
    },
    "_coverageSchema": "1a1c01bbd47fc00a2c39e90264f33305004495a9",
    "hash": "05822325f6668a0fde695f3a67f1eae80fd7f871"
  },
  "D:/m/rsschool/rsschool/src/hooks/redux.ts": {
    "path": "D:/m/rsschool/rsschool/src/hooks/redux.ts",
    "statementMap": {
      "0": {
        "start": {
          "line": 3,
          "column": 30
        },
        "end": {
          "line": 3,
          "column": 49
        }
      },
      "1": {
        "start": {
          "line": 3,
          "column": 36
        },
        "end": {
          "line": 3,
          "column": 49
        }
      },
      "2": {
        "start": {
          "line": 4,
          "column": 30
        },
        "end": {
          "line": 4,
          "column": 41
        }
      }
    },
    "fnMap": {
      "0": {
        "name": "(anonymous_0)",
        "decl": {
          "start": {
            "line": 3,
            "column": 30
          },
          "end": {
            "line": 3,
            "column": 31
          }
        },
        "loc": {
          "start": {
            "line": 3,
            "column": 36
          },
          "end": {
            "line": 3,
            "column": 49
          }
        },
        "line": 3
      }
    },
    "branchMap": {},
    "s": {
      "0": 1,
      "1": 10,
      "2": 1
    },
    "f": {
      "0": 10
    },
    "b": {},
    "inputSourceMap": {
      "version": 3,
      "sources": [
        "D:/m/rsschool/rsschool/src/hooks/redux.ts"
      ],
      "mappings": "AAAA,SAAS,mBAAmB;AAC5B,SAA+B,mBAAmB;AAG3C,aAAM,iBAAiB,MAAM,YAAyB;AAEtD,aAAM,iBAAiD;",
      "names": []
    },
    "_coverageSchema": "1a1c01bbd47fc00a2c39e90264f33305004495a9",
    "hash": "26b5e457e99b450dbcfeed61c5f6d2a3f12e8781"
  },
  "D:/m/rsschool/rsschool/src/store/features/cards/cardsSlice.ts": {
    "path": "D:/m/rsschool/rsschool/src/store/features/cards/cardsSlice.ts",
    "statementMap": {
      "0": {
        "start": {
          "line": 2,
          "column": 42
        },
        "end": {
          "line": 2,
          "column": 74
        }
      },
      "1": {
        "start": {
          "line": 3,
          "column": 21
        },
        "end": {
          "line": 9,
          "column": 1
        }
      },
      "2": {
        "start": {
          "line": 10,
          "column": 16
        },
        "end": {
          "line": 10,
          "column": 75
        }
      },
      "3": {
        "start": {
          "line": 11,
          "column": 16
        },
        "end": {
          "line": 14,
          "column": 1
        }
      },
      "4": {
        "start": {
          "line": 15,
          "column": 26
        },
        "end": {
          "line": 29,
          "column": 1
        }
      },
      "5": {
        "start": {
          "line": 18,
          "column": 4
        },
        "end": {
          "line": 27,
          "column": 5
        }
      },
      "6": {
        "start": {
          "line": 19,
          "column": 25
        },
        "end": {
          "line": 19,
          "column": 68
        }
      },
      "7": {
        "start": {
          "line": 20,
          "column": 23
        },
        "end": {
          "line": 20,
          "column": 59
        }
      },
      "8": {
        "start": {
          "line": 21,
          "column": 19
        },
        "end": {
          "line": 21,
          "column": 40
        }
      },
      "9": {
        "start": {
          "line": 22,
          "column": 6
        },
        "end": {
          "line": 22,
          "column": 26
        }
      },
      "10": {
        "start": {
          "line": 24,
          "column": 6
        },
        "end": {
          "line": 26,
          "column": 7
        }
      },
      "11": {
        "start": {
          "line": 25,
          "column": 8
        },
        "end": {
          "line": 25,
          "column": 42
        }
      },
      "12": {
        "start": {
          "line": 30,
          "column": 29
        },
        "end": {
          "line": 43,
          "column": 1
        }
      },
      "13": {
        "start": {
          "line": 33,
          "column": 4
        },
        "end": {
          "line": 41,
          "column": 5
        }
      },
      "14": {
        "start": {
          "line": 34,
          "column": 23
        },
        "end": {
          "line": 34,
          "column": 88
        }
      },
      "15": {
        "start": {
          "line": 35,
          "column": 19
        },
        "end": {
          "line": 35,
          "column": 40
        }
      },
      "16": {
        "start": {
          "line": 36,
          "column": 6
        },
        "end": {
          "line": 36,
          "column": 18
        }
      },
      "17": {
        "start": {
          "line": 38,
          "column": 6
        },
        "end": {
          "line": 40,
          "column": 7
        }
      },
      "18": {
        "start": {
          "line": 39,
          "column": 8
        },
        "end": {
          "line": 39,
          "column": 42
        }
      },
      "19": {
        "start": {
          "line": 44,
          "column": 26
        },
        "end": {
          "line": 78,
          "column": 2
        }
      },
      "20": {
        "start": {
          "line": 49,
          "column": 6
        },
        "end": {
          "line": 49,
          "column": 41
        }
      },
      "21": {
        "start": {
          "line": 53,
          "column": 4
        },
        "end": {
          "line": 57,
          "column": 7
        }
      },
      "22": {
        "start": {
          "line": 54,
          "column": 6
        },
        "end": {
          "line": 54,
          "column": 29
        }
      },
      "23": {
        "start": {
          "line": 55,
          "column": 6
        },
        "end": {
          "line": 55,
          "column": 27
        }
      },
      "24": {
        "start": {
          "line": 56,
          "column": 6
        },
        "end": {
          "line": 56,
          "column": 23
        }
      },
      "25": {
        "start": {
          "line": 58,
          "column": 4
        },
        "end": {
          "line": 61,
          "column": 7
        }
      },
      "26": {
        "start": {
          "line": 59,
          "column": 6
        },
        "end": {
          "line": 59,
          "column": 41
        }
      },
      "27": {
        "start": {
          "line": 60,
          "column": 6
        },
        "end": {
          "line": 60,
          "column": 30
        }
      },
      "28": {
        "start": {
          "line": 62,
          "column": 4
        },
        "end": {
          "line": 66,
          "column": 7
        }
      },
      "29": {
        "start": {
          "line": 63,
          "column": 6
        },
        "end": {
          "line": 63,
          "column": 23
        }
      },
      "30": {
        "start": {
          "line": 64,
          "column": 6
        },
        "end": {
          "line": 64,
          "column": 30
        }
      },
      "31": {
        "start": {
          "line": 65,
          "column": 6
        },
        "end": {
          "line": 65,
          "column": 35
        }
      },
      "32": {
        "start": {
          "line": 67,
          "column": 4
        },
        "end": {
          "line": 70,
          "column": 7
        }
      },
      "33": {
        "start": {
          "line": 68,
          "column": 6
        },
        "end": {
          "line": 68,
          "column": 34
        }
      },
      "34": {
        "start": {
          "line": 69,
          "column": 6
        },
        "end": {
          "line": 69,
          "column": 27
        }
      },
      "35": {
        "start": {
          "line": 71,
          "column": 4
        },
        "end": {
          "line": 73,
          "column": 7
        }
      },
      "36": {
        "start": {
          "line": 72,
          "column": 6
        },
        "end": {
          "line": 72,
          "column": 42
        }
      },
      "37": {
        "start": {
          "line": 74,
          "column": 4
        },
        "end": {
          "line": 76,
          "column": 7
        }
      },
      "38": {
        "start": {
          "line": 75,
          "column": 6
        },
        "end": {
          "line": 75,
          "column": 35
        }
      },
      "39": {
        "start": {
          "line": 79,
          "column": 35
        },
        "end": {
          "line": 79,
          "column": 53
        }
      }
    },
    "fnMap": {
      "0": {
        "name": "(anonymous_0)",
        "decl": {
          "start": {
            "line": 17,
            "column": 2
          },
          "end": {
            "line": 17,
            "column": 3
          }
        },
        "loc": {
          "start": {
            "line": 17,
            "column": 41
          },
          "end": {
            "line": 28,
            "column": 3
          }
        },
        "line": 17
      },
      "1": {
        "name": "(anonymous_1)",
        "decl": {
          "start": {
            "line": 32,
            "column": 2
          },
          "end": {
            "line": 32,
            "column": 3
          }
        },
        "loc": {
          "start": {
            "line": 32,
            "column": 37
          },
          "end": {
            "line": 42,
            "column": 3
          }
        },
        "line": 32
      },
      "2": {
        "name": "(anonymous_2)",
        "decl": {
          "start": {
            "line": 48,
            "column": 4
          },
          "end": {
            "line": 48,
            "column": 5
          }
        },
        "loc": {
          "start": {
            "line": 48,
            "column": 35
          },
          "end": {
            "line": 50,
            "column": 5
          }
        },
        "line": 48
      },
      "3": {
        "name": "(anonymous_3)",
        "decl": {
          "start": {
            "line": 52,
            "column": 17
          },
          "end": {
            "line": 52,
            "column": 18
          }
        },
        "loc": {
          "start": {
            "line": 52,
            "column": 30
          },
          "end": {
            "line": 77,
            "column": 3
          }
        },
        "line": 52
      },
      "4": {
        "name": "(anonymous_4)",
        "decl": {
          "start": {
            "line": 53,
            "column": 40
          },
          "end": {
            "line": 53,
            "column": 41
          }
        },
        "loc": {
          "start": {
            "line": 53,
            "column": 51
          },
          "end": {
            "line": 57,
            "column": 5
          }
        },
        "line": 53
      },
      "5": {
        "name": "(anonymous_5)",
        "decl": {
          "start": {
            "line": 58,
            "column": 42
          },
          "end": {
            "line": 58,
            "column": 43
          }
        },
        "loc": {
          "start": {
            "line": 58,
            "column": 61
          },
          "end": {
            "line": 61,
            "column": 5
          }
        },
        "line": 58
      },
      "6": {
        "name": "(anonymous_6)",
        "decl": {
          "start": {
            "line": 62,
            "column": 41
          },
          "end": {
            "line": 62,
            "column": 42
          }
        },
        "loc": {
          "start": {
            "line": 62,
            "column": 60
          },
          "end": {
            "line": 66,
            "column": 5
          }
        },
        "line": 62
      },
      "7": {
        "name": "(anonymous_7)",
        "decl": {
          "start": {
            "line": 67,
            "column": 43
          },
          "end": {
            "line": 67,
            "column": 44
          }
        },
        "loc": {
          "start": {
            "line": 67,
            "column": 54
          },
          "end": {
            "line": 70,
            "column": 5
          }
        },
        "line": 67
      },
      "8": {
        "name": "(anonymous_8)",
        "decl": {
          "start": {
            "line": 71,
            "column": 45
          },
          "end": {
            "line": 71,
            "column": 46
          }
        },
        "loc": {
          "start": {
            "line": 71,
            "column": 64
          },
          "end": {
            "line": 73,
            "column": 5
          }
        },
        "line": 71
      },
      "9": {
        "name": "(anonymous_9)",
        "decl": {
          "start": {
            "line": 74,
            "column": 44
          },
          "end": {
            "line": 74,
            "column": 45
          }
        },
        "loc": {
          "start": {
            "line": 74,
            "column": 63
          },
          "end": {
            "line": 76,
            "column": 5
          }
        },
        "line": 74
      }
    },
    "branchMap": {
      "0": {
        "loc": {
          "start": {
            "line": 2,
            "column": 42
          },
          "end": {
            "line": 2,
            "column": 74
          }
        },
        "type": "binary-expr",
        "locations": [
          {
            "start": {
              "line": 2,
              "column": 42
            },
            "end": {
              "line": 2,
              "column": 60
            }
          },
          {
            "start": {
              "line": 2,
              "column": 64
            },
            "end": {
              "line": 2,
              "column": 74
            }
          }
        ],
        "line": 2
      },
      "1": {
        "loc": {
          "start": {
            "line": 19,
            "column": 25
          },
          "end": {
            "line": 19,
            "column": 68
          }
        },
        "type": "cond-expr",
        "locations": [
          {
            "start": {
              "line": 19,
              "column": 34
            },
            "end": {
              "line": 19,
              "column": 50
            }
          },
          {
            "start": {
              "line": 19,
              "column": 53
            },
            "end": {
              "line": 19,
              "column": 68
            }
          }
        ],
        "line": 19
      },
      "2": {
        "loc": {
          "start": {
            "line": 24,
            "column": 6
          },
          "end": {
            "line": 26,
            "column": 7
          }
        },
        "type": "if",
        "locations": [
          {
            "start": {
              "line": 24,
              "column": 6
            },
            "end": {
              "line": 26,
              "column": 7
            }
          },
          {
            "start": {},
            "end": {}
          }
        ],
        "line": 24
      },
      "3": {
        "loc": {
          "start": {
            "line": 38,
            "column": 6
          },
          "end": {
            "line": 40,
            "column": 7
          }
        },
        "type": "if",
        "locations": [
          {
            "start": {
              "line": 38,
              "column": 6
            },
            "end": {
              "line": 40,
              "column": 7
            }
          },
          {
            "start": {},
            "end": {}
          }
        ],
        "line": 38
      },
      "4": {
        "loc": {
          "start": {
            "line": 59,
            "column": 20
          },
          "end": {
            "line": 59,
            "column": 40
          }
        },
        "type": "binary-expr",
        "locations": [
          {
            "start": {
              "line": 59,
              "column": 20
            },
            "end": {
              "line": 59,
              "column": 34
            }
          },
          {
            "start": {
              "line": 59,
              "column": 38
            },
            "end": {
              "line": 59,
              "column": 40
            }
          }
        ],
        "line": 59
      }
    },
    "s": {
      "0": 1,
      "1": 1,
      "2": 1,
      "3": 1,
      "4": 1,
      "5": 2,
      "6": 2,
      "7": 2,
      "8": 0,
      "9": 0,
      "10": 0,
      "11": 0,
      "12": 1,
      "13": 0,
      "14": 0,
      "15": 0,
      "16": 0,
      "17": 0,
      "18": 0,
      "19": 1,
      "20": 0,
      "21": 1,
      "22": 2,
      "23": 2,
      "24": 2,
      "25": 1,
      "26": 0,
      "27": 0,
      "28": 1,
      "29": 0,
      "30": 0,
      "31": 0,
      "32": 1,
      "33": 0,
      "34": 0,
      "35": 1,
      "36": 0,
      "37": 1,
      "38": 0,
      "39": 1
    },
    "f": {
      "0": 2,
      "1": 0,
      "2": 0,
      "3": 1,
      "4": 2,
      "5": 0,
      "6": 0,
      "7": 0,
      "8": 0,
      "9": 0
    },
    "b": {
      "0": [
        1,
        1
      ],
      "1": [
        0,
        2
      ],
      "2": [
        0,
        0
      ],
      "3": [
        0,
        0
      ],
      "4": [
        0,
        0
      ]
    },
    "inputSourceMap": {
      "version": 3,
      "sources": [
        "D:/m/rsschool/rsschool/src/store/features/cards/cardsSlice.ts"
      ],
      "mappings": "AAAA,YAAY,gBAAgB;AAE5B,MAAM,EAAE,aAAa,iBAAiB,IAAM,WAAmB,WAC7D;AAaF,MAAM,eAA2B;AAAA,EAC/B,aAAa;AAAA,EACb,OAAO,CAAC;AAAA,EACR,WAAW;AAAA,EACX,OAAO;AAAA,EACP,cAAc;AAChB;AAEA,MAAM,UAAU;AAChB,MAAM,UAAU;AAAA,EACd,kBAAkB;AAAA,EAClB,eAAe;AACjB;AAEO,aAAM,aAAa;AAAA,EACxB;AAAA,EACA,OAAO,QAAuB,EAAE,gBAAgB,MAAM;AACpD,QAAI;AACF,YAAM,aAAa,SAAS,UAAU,SAAS,UAAU;AACzD,YAAM,WAAW,MAAM,MAAM,YAAY,EAAE,QAAiB,CAAC;AAC7D,YAAM,OAAuB,MAAM,SAAS,KAAK;AAEjD,aAAO,KAAK;AAAA,IACd,SAAS,GAAP;AACA,UAAI,aAAa,OAAO;AACtB,eAAO,gBAAgB,EAAE,OAAO;AAAA,MAClC;AAAA,IACF;AAAA,EACF;AACF;AAEO,aAAM,gBAAgB;AAAA,EAC3B;AAAA,EACA,OAAO,IAAY,EAAE,gBAAgB,MAAM;AACzC,QAAI;AACF,YAAM,WAAW,MAAM,MAAM,mCAAmC,MAAM,EAAE,QAAiB,CAAC;AAC1F,YAAM,OAAkB,MAAM,SAAS,KAAK;AAE5C,aAAO;AAAA,IACT,SAAS,GAAP;AACA,UAAI,aAAa,OAAO;AACtB,eAAO,gBAAgB,EAAE,OAAO;AAAA,MAClC;AAAA,IACF;AAAA,EACF;AACF;AAEO,aAAM,aAAa,YAAY;AAAA,EACpC,MAAM;AAAA,EACN;AAAA,EACA,UAAU;AAAA,IACR,gBAAgB,OAAO,QAAsC;AAC3D,YAAM,cAAc,OAAO;AAAA,IAC7B;AAAA,EACF;AAAA,EACA,eAAe,CAAC,YAAY;AAC1B,YAAQ,QAAQ,WAAW,SAAS,CAAC,UAAU;AAC7C,YAAM,YAAY;AAClB,YAAM,QAAQ;AACd,YAAM,QAAQ,CAAC;AAAA,IACjB,CAAC;AACD,YAAQ,QAAQ,WAAW,WAAW,CAAC,OAAO,WAAW;AACvD,YAAM,QAAQ,OAAO,WAAW,CAAC;AACjC,YAAM,YAAY;AAAA,IACpB,CAAC;AACD,YAAQ,QAAQ,WAAW,UAAU,CAAC,OAAO,WAAW;AACtD,YAAM,QAAQ,CAAC;AACf,YAAM,YAAY;AAClB,YAAM,QAAQ,OAAO;AAAA,IACvB,CAAC;AACD,YAAQ,QAAQ,cAAc,SAAS,CAAC,UAAU;AAChD,YAAM,eAAe;AACrB,YAAM,QAAQ;AAAA,IAChB,CAAC;AACD,YAAQ,QAAQ,cAAc,WAAW,CAAC,OAAO,WAAW;AAC1D,YAAM,eAAe,OAAO;AAAA,IAC9B,CAAC;AACD,YAAQ,QAAQ,cAAc,UAAU,CAAC,OAAO,WAAW;AACzD,YAAM,QAAQ,OAAO;AAAA,IACvB,CAAC;AAAA,EACH;AACF,CAAC;AAEM,aAAM,EAAE,gBAAgB,IAAI,WAAW;AAE9C,eAAe,WAAW;",
      "names": []
    },
    "_coverageSchema": "1a1c01bbd47fc00a2c39e90264f33305004495a9",
    "hash": "d661c14769b0f185c0e2be74c3d2ccfb5e7e85a2"
  },
  "D:/m/rsschool/rsschool/src/store/features/users/usersSlice.ts": {
    "path": "D:/m/rsschool/rsschool/src/store/features/users/usersSlice.ts",
    "statementMap": {
      "0": {
        "start": {
          "line": 2,
          "column": 24
        },
        "end": {
          "line": 2,
          "column": 56
        }
      },
      "1": {
        "start": {
          "line": 3,
          "column": 21
        },
        "end": {
          "line": 5,
          "column": 1
        }
      },
      "2": {
        "start": {
          "line": 6,
          "column": 26
        },
        "end": {
          "line": 14,
          "column": 2
        }
      },
      "3": {
        "start": {
          "line": 11,
          "column": 6
        },
        "end": {
          "line": 11,
          "column": 39
        }
      },
      "4": {
        "start": {
          "line": 15,
          "column": 30
        },
        "end": {
          "line": 15,
          "column": 48
        }
      }
    },
    "fnMap": {
      "0": {
        "name": "(anonymous_0)",
        "decl": {
          "start": {
            "line": 10,
            "column": 4
          },
          "end": {
            "line": 10,
            "column": 5
          }
        },
        "loc": {
          "start": {
            "line": 10,
            "column": 30
          },
          "end": {
            "line": 12,
            "column": 5
          }
        },
        "line": 10
      }
    },
    "branchMap": {
      "0": {
        "loc": {
          "start": {
            "line": 2,
            "column": 24
          },
          "end": {
            "line": 2,
            "column": 56
          }
        },
        "type": "binary-expr",
        "locations": [
          {
            "start": {
              "line": 2,
              "column": 24
            },
            "end": {
              "line": 2,
              "column": 42
            }
          },
          {
            "start": {
              "line": 2,
              "column": 46
            },
            "end": {
              "line": 2,
              "column": 56
            }
          }
        ],
        "line": 2
      }
    },
    "s": {
      "0": 1,
      "1": 1,
      "2": 1,
      "3": 0,
      "4": 1
    },
    "f": {
      "0": 0
    },
    "b": {
      "0": [
        1,
        1
      ]
    },
    "inputSourceMap": {
      "version": 3,
      "sources": [
        "D:/m/rsschool/rsschool/src/store/features/users/usersSlice.ts"
      ],
      "mappings": "AAAA,YAAY,gBAAgB;AAE5B,MAAM,EAAE,YAAY,IAAM,WAAmB,WAAW;AASxD,MAAM,eAA2B;AAAA,EAC/B,OAAO,CAAC;AACV;AAEO,aAAM,aAAa,YAAY;AAAA,EACpC,MAAM;AAAA,EACN;AAAA,EACA,UAAU;AAAA,IACR,WAAW,OAAO,QAA6B;AAC7C,YAAM,MAAM,KAAK,OAAO,OAAO;AAAA,IACjC;AAAA,EACF;AACF,CAAC;AAEM,aAAM,EAAE,WAAW,IAAI,WAAW;AAEzC,eAAe,WAAW;",
      "names": []
    },
    "_coverageSchema": "1a1c01bbd47fc00a2c39e90264f33305004495a9",
    "hash": "c7dea9054fc890d581dbd98598b45c7c85c26b2b"
  },
  "D:/m/rsschool/rsschool/src/store/store.ts": {
    "path": "D:/m/rsschool/rsschool/src/store/store.ts",
    "statementMap": {
      "0": {
        "start": {
          "line": 2,
          "column": 27
        },
        "end": {
          "line": 2,
          "column": 59
        }
      },
      "1": {
        "start": {
          "line": 6,
          "column": 27
        },
        "end": {
          "line": 9,
          "column": 2
        }
      },
      "2": {
        "start": {
          "line": 11,
          "column": 2
        },
        "end": {
          "line": 17,
          "column": 5
        }
      },
      "3": {
        "start": {
          "line": 13,
          "column": 42
        },
        "end": {
          "line": 15,
          "column": 6
        }
      },
      "4": {
        "start": {
          "line": 19,
          "column": 21
        },
        "end": {
          "line": 19,
          "column": 33
        }
      }
    },
    "fnMap": {
      "0": {
        "name": "setupStore",
        "decl": {
          "start": {
            "line": 10,
            "column": 16
          },
          "end": {
            "line": 10,
            "column": 26
          }
        },
        "loc": {
          "start": {
            "line": 10,
            "column": 43
          },
          "end": {
            "line": 18,
            "column": 1
          }
        },
        "line": 10
      },
      "1": {
        "name": "(anonymous_1)",
        "decl": {
          "start": {
            "line": 13,
            "column": 16
          },
          "end": {
            "line": 13,
            "column": 17
          }
        },
        "loc": {
          "start": {
            "line": 13,
            "column": 42
          },
          "end": {
            "line": 15,
            "column": 6
          }
        },
        "line": 13
      }
    },
    "branchMap": {
      "0": {
        "loc": {
          "start": {
            "line": 2,
            "column": 27
          },
          "end": {
            "line": 2,
            "column": 59
          }
        },
        "type": "binary-expr",
        "locations": [
          {
            "start": {
              "line": 2,
              "column": 27
            },
            "end": {
              "line": 2,
              "column": 45
            }
          },
          {
            "start": {
              "line": 2,
              "column": 49
            },
            "end": {
              "line": 2,
              "column": 59
            }
          }
        ],
        "line": 2
      }
    },
    "s": {
      "0": 1,
      "1": 1,
      "2": 1,
      "3": 1,
      "4": 1
    },
    "f": {
      "0": 1,
      "1": 1
    },
    "b": {
      "0": [
        1,
        1
      ]
    },
    "inputSourceMap": {
      "version": 3,
      "sources": [
        "D:/m/rsschool/rsschool/src/store/store.ts"
      ],
      "mappings": "AAAA,YAAY,gBAAgB;AAE5B,MAAM,EAAE,eAAe,IAAM,WAAmB,WAAW;AAE3D,SAAS,uBAAuB;AAChC,OAAO,gBAAgB;AACvB,OAAO,gBAAgB;AAEhB,aAAM,cAAc,gBAAgB;AAAA,EACzC,OAAO;AAAA,EACP,OAAO;AACT,CAAC;AAEM,gBAAS,WAAW,gBAA2C;AACpE,SAAO,eAAe;AAAA,IACpB,SAAS;AAAA,IACT,YAAY,CAAC,yBACX,qBAAqB;AAAA,MACnB,mBAAmB;AAAA,IACrB,CAAC;AAAA,IACH;AAAA,EACF,CAAC;AACH;AAEO,aAAM,QAAQ,WAAW;",
      "names": []
    },
    "_coverageSchema": "1a1c01bbd47fc00a2c39e90264f33305004495a9",
    "hash": "c574fdd0e8dbb8e9e46a9eb67a551bd90dd9c022"
  },
  "D:/m/rsschool/rsschool/src/store/index.ts": {
    "path": "D:/m/rsschool/rsschool/src/store/index.ts",
    "statementMap": {},
    "fnMap": {},
    "branchMap": {},
    "s": {},
    "f": {},
    "b": {},
    "inputSourceMap": {
      "version": 3,
      "sources": [
        "D:/m/rsschool/rsschool/src/store/index.ts"
      ],
      "mappings": "AAAA,cAAc;AACd,cAAc;AACd,cAAc;",
      "names": []
    },
    "_coverageSchema": "1a1c01bbd47fc00a2c39e90264f33305004495a9",
    "hash": "ded1a4a31b09d0e029a1109e93a000481e081269"
  },
  "D:/m/rsschool/rsschool/src/components/cardsList/CardsList.tsx": {
    "path": "D:/m/rsschool/rsschool/src/components/cardsList/CardsList.tsx",
    "statementMap": {
      "0": {
        "start": {
          "line": 6,
          "column": 0
        },
        "end": {
          "line": 16,
          "column": 1
        }
      },
      "1": {
        "start": {
          "line": 7,
          "column": 2
        },
        "end": {
          "line": 9,
          "column": 3
        }
      },
      "2": {
        "start": {
          "line": 8,
          "column": 4
        },
        "end": {
          "line": 8,
          "column": 165
        }
      },
      "3": {
        "start": {
          "line": 10,
          "column": 2
        },
        "end": {
          "line": 10,
          "column": 39
        }
      },
      "4": {
        "start": {
          "line": 11,
          "column": 2
        },
        "end": {
          "line": 11,
          "column": 39
        }
      },
      "5": {
        "start": {
          "line": 12,
          "column": 2
        },
        "end": {
          "line": 14,
          "column": 4
        }
      },
      "6": {
        "start": {
          "line": 13,
          "column": 4
        },
        "end": {
          "line": 13,
          "column": 105
        }
      },
      "7": {
        "start": {
          "line": 15,
          "column": 2
        },
        "end": {
          "line": 15,
          "column": 75
        }
      },
      "8": {
        "start": {
          "line": 17,
          "column": 9
        },
        "end": {
          "line": 17,
          "column": 23
        }
      },
      "9": {
        "start": {
          "line": 25,
          "column": 18
        },
        "end": {
          "line": 68,
          "column": 1
        }
      },
      "10": {
        "start": {
          "line": 26,
          "column": 2
        },
        "end": {
          "line": 26,
          "column": 7
        }
      },
      "11": {
        "start": {
          "line": 27,
          "column": 38
        },
        "end": {
          "line": 27,
          "column": 59
        }
      },
      "12": {
        "start": {
          "line": 28,
          "column": 19
        },
        "end": {
          "line": 28,
          "column": 35
        }
      },
      "13": {
        "start": {
          "line": 29,
          "column": 23
        },
        "end": {
          "line": 29,
          "column": 74
        }
      },
      "14": {
        "start": {
          "line": 29,
          "column": 49
        },
        "end": {
          "line": 29,
          "column": 73
        }
      },
      "15": {
        "start": {
          "line": 30,
          "column": 16
        },
        "end": {
          "line": 30,
          "column": 60
        }
      },
      "16": {
        "start": {
          "line": 30,
          "column": 42
        },
        "end": {
          "line": 30,
          "column": 59
        }
      },
      "17": {
        "start": {
          "line": 31,
          "column": 27
        },
        "end": {
          "line": 31,
          "column": 52
        }
      },
      "18": {
        "start": {
          "line": 31,
          "column": 33
        },
        "end": {
          "line": 31,
          "column": 52
        }
      },
      "19": {
        "start": {
          "line": 32,
          "column": 26
        },
        "end": {
          "line": 35,
          "column": 3
        }
      },
      "20": {
        "start": {
          "line": 33,
          "column": 4
        },
        "end": {
          "line": 33,
          "column": 32
        }
      },
      "21": {
        "start": {
          "line": 34,
          "column": 4
        },
        "end": {
          "line": 34,
          "column": 23
        }
      },
      "22": {
        "start": {
          "line": 36,
          "column": 2
        },
        "end": {
          "line": 41,
          "column": 13
        }
      },
      "23": {
        "start": {
          "line": 37,
          "column": 4
        },
        "end": {
          "line": 41,
          "column": 13
        }
      },
      "24": {
        "start": {
          "line": 42,
          "column": 2
        },
        "end": {
          "line": 47,
          "column": 13
        }
      },
      "25": {
        "start": {
          "line": 43,
          "column": 4
        },
        "end": {
          "line": 47,
          "column": 13
        }
      },
      "26": {
        "start": {
          "line": 48,
          "column": 2
        },
        "end": {
          "line": 67,
          "column": 11
        }
      },
      "27": {
        "start": {
          "line": 49,
          "column": 147
        },
        "end": {
          "line": 49,
          "column": 219
        }
      },
      "28": {
        "start": {
          "line": 69,
          "column": 0
        },
        "end": {
          "line": 71,
          "column": 3
        }
      },
      "29": {
        "start": {
          "line": 70,
          "column": 2
        },
        "end": {
          "line": 70,
          "column": 58
        }
      },
      "30": {
        "start": {
          "line": 72,
          "column": 0
        },
        "end": {
          "line": 72,
          "column": 15
        }
      },
      "31": {
        "start": {
          "line": 75,
          "column": 0
        },
        "end": {
          "line": 75,
          "column": 30
        }
      },
      "32": {
        "start": {
          "line": 76,
          "column": 0
        },
        "end": {
          "line": 92,
          "column": 1
        }
      },
      "33": {
        "start": {
          "line": 77,
          "column": 2
        },
        "end": {
          "line": 77,
          "column": 39
        }
      },
      "34": {
        "start": {
          "line": 78,
          "column": 2
        },
        "end": {
          "line": 78,
          "column": 39
        }
      },
      "35": {
        "start": {
          "line": 79,
          "column": 2
        },
        "end": {
          "line": 91,
          "column": 5
        }
      },
      "36": {
        "start": {
          "line": 83,
          "column": 4
        },
        "end": {
          "line": 83,
          "column": 131
        }
      },
      "37": {
        "start": {
          "line": 84,
          "column": 4
        },
        "end": {
          "line": 90,
          "column": 7
        }
      },
      "38": {
        "start": {
          "line": 85,
          "column": 6
        },
        "end": {
          "line": 86,
          "column": 15
        }
      },
      "39": {
        "start": {
          "line": 86,
          "column": 8
        },
        "end": {
          "line": 86,
          "column": 15
        }
      },
      "40": {
        "start": {
          "line": 87,
          "column": 32
        },
        "end": {
          "line": 87,
          "column": 115
        }
      },
      "41": {
        "start": {
          "line": 88,
          "column": 6
        },
        "end": {
          "line": 89,
          "column": 54
        }
      },
      "42": {
        "start": {
          "line": 89,
          "column": 8
        },
        "end": {
          "line": 89,
          "column": 54
        }
      }
    },
    "fnMap": {
      "0": {
        "name": "(anonymous_0)",
        "decl": {
          "start": {
            "line": 12,
            "column": 24
          },
          "end": {
            "line": 12,
            "column": 25
          }
        },
        "loc": {
          "start": {
            "line": 12,
            "column": 38
          },
          "end": {
            "line": 14,
            "column": 3
          }
        },
        "line": 12
      },
      "1": {
        "name": "(anonymous_1)",
        "decl": {
          "start": {
            "line": 25,
            "column": 18
          },
          "end": {
            "line": 25,
            "column": 19
          }
        },
        "loc": {
          "start": {
            "line": 25,
            "column": 24
          },
          "end": {
            "line": 68,
            "column": 1
          }
        },
        "line": 25
      },
      "2": {
        "name": "(anonymous_2)",
        "decl": {
          "start": {
            "line": 29,
            "column": 38
          },
          "end": {
            "line": 29,
            "column": 39
          }
        },
        "loc": {
          "start": {
            "line": 29,
            "column": 49
          },
          "end": {
            "line": 29,
            "column": 73
          }
        },
        "line": 29
      },
      "3": {
        "name": "(anonymous_3)",
        "decl": {
          "start": {
            "line": 30,
            "column": 31
          },
          "end": {
            "line": 30,
            "column": 32
          }
        },
        "loc": {
          "start": {
            "line": 30,
            "column": 42
          },
          "end": {
            "line": 30,
            "column": 59
          }
        },
        "line": 30
      },
      "4": {
        "name": "(anonymous_4)",
        "decl": {
          "start": {
            "line": 31,
            "column": 27
          },
          "end": {
            "line": 31,
            "column": 28
          }
        },
        "loc": {
          "start": {
            "line": 31,
            "column": 33
          },
          "end": {
            "line": 31,
            "column": 52
          }
        },
        "line": 31
      },
      "5": {
        "name": "(anonymous_5)",
        "decl": {
          "start": {
            "line": 32,
            "column": 26
          },
          "end": {
            "line": 32,
            "column": 27
          }
        },
        "loc": {
          "start": {
            "line": 32,
            "column": 34
          },
          "end": {
            "line": 35,
            "column": 3
          }
        },
        "line": 32
      },
      "6": {
        "name": "(anonymous_6)",
        "decl": {
          "start": {
            "line": 49,
            "column": 121
          },
          "end": {
            "line": 49,
            "column": 122
          }
        },
        "loc": {
          "start": {
            "line": 49,
            "column": 147
          },
          "end": {
            "line": 49,
            "column": 219
          }
        },
        "line": 49
      },
      "7": {
        "name": "(anonymous_7)",
        "decl": {
          "start": {
            "line": 69,
            "column": 53
          },
          "end": {
            "line": 69,
            "column": 54
          }
        },
        "loc": {
          "start": {
            "line": 69,
            "column": 64
          },
          "end": {
            "line": 71,
            "column": 1
          }
        },
        "line": 69
      },
      "8": {
        "name": "(anonymous_8)",
        "decl": {
          "start": {
            "line": 82,
            "column": 9
          },
          "end": {
            "line": 82,
            "column": 10
          }
        },
        "loc": {
          "start": {
            "line": 82,
            "column": 29
          },
          "end": {
            "line": 91,
            "column": 3
          }
        },
        "line": 82
      },
      "9": {
        "name": "(anonymous_9)",
        "decl": {
          "start": {
            "line": 84,
            "column": 27
          },
          "end": {
            "line": 84,
            "column": 28
          }
        },
        "loc": {
          "start": {
            "line": 84,
            "column": 44
          },
          "end": {
            "line": 90,
            "column": 5
          }
        },
        "line": 84
      }
    },
    "branchMap": {
      "0": {
        "loc": {
          "start": {
            "line": 6,
            "column": 0
          },
          "end": {
            "line": 16,
            "column": 1
          }
        },
        "type": "if",
        "locations": [
          {
            "start": {
              "line": 6,
              "column": 0
            },
            "end": {
              "line": 16,
              "column": 1
            }
          },
          {
            "start": {},
            "end": {}
          }
        ],
        "line": 6
      },
      "1": {
        "loc": {
          "start": {
            "line": 7,
            "column": 2
          },
          "end": {
            "line": 9,
            "column": 3
          }
        },
        "type": "if",
        "locations": [
          {
            "start": {
              "line": 7,
              "column": 2
            },
            "end": {
              "line": 9,
              "column": 3
            }
          },
          {
            "start": {},
            "end": {}
          }
        ],
        "line": 7
      },
      "2": {
        "loc": {
          "start": {
            "line": 36,
            "column": 2
          },
          "end": {
            "line": 41,
            "column": 13
          }
        },
        "type": "if",
        "locations": [
          {
            "start": {
              "line": 36,
              "column": 2
            },
            "end": {
              "line": 41,
              "column": 13
            }
          },
          {
            "start": {},
            "end": {}
          }
        ],
        "line": 36
      },
      "3": {
        "loc": {
          "start": {
            "line": 42,
            "column": 2
          },
          "end": {
            "line": 47,
            "column": 13
          }
        },
        "type": "if",
        "locations": [
          {
            "start": {
              "line": 42,
              "column": 2
            },
            "end": {
              "line": 47,
              "column": 13
            }
          },
          {
            "start": {},
            "end": {}
          }
        ],
        "line": 42
      },
      "4": {
        "loc": {
          "start": {
            "line": 49,
            "column": 102
          },
          "end": {
            "line": 49,
            "column": 220
          }
        },
        "type": "binary-expr",
        "locations": [
          {
            "start": {
              "line": 49,
              "column": 102
            },
            "end": {
              "line": 49,
              "column": 107
            }
          },
          {
            "start": {
              "line": 49,
              "column": 111
            },
            "end": {
              "line": 49,
              "column": 220
            }
          }
        ],
        "line": 49
      },
      "5": {
        "loc": {
          "start": {
            "line": 54,
            "column": 4
          },
          "end": {
            "line": 62,
            "column": 12
          }
        },
        "type": "binary-expr",
        "locations": [
          {
            "start": {
              "line": 54,
              "column": 4
            },
            "end": {
              "line": 54,
              "column": 15
            }
          },
          {
            "start": {
              "line": 54,
              "column": 35
            },
            "end": {
              "line": 62,
              "column": 12
            }
          }
        ],
        "line": 54
      },
      "6": {
        "loc": {
          "start": {
            "line": 76,
            "column": 0
          },
          "end": {
            "line": 92,
            "column": 1
          }
        },
        "type": "if",
        "locations": [
          {
            "start": {
              "line": 76,
              "column": 0
            },
            "end": {
              "line": 92,
              "column": 1
            }
          },
          {
            "start": {},
            "end": {}
          }
        ],
        "line": 76
      },
      "7": {
        "loc": {
          "start": {
            "line": 85,
            "column": 6
          },
          "end": {
            "line": 86,
            "column": 15
          }
        },
        "type": "if",
        "locations": [
          {
            "start": {
              "line": 85,
              "column": 6
            },
            "end": {
              "line": 86,
              "column": 15
            }
          },
          {
            "start": {},
            "end": {}
          }
        ],
        "line": 85
      },
      "8": {
        "loc": {
          "start": {
            "line": 88,
            "column": 6
          },
          "end": {
            "line": 89,
            "column": 54
          }
        },
        "type": "if",
        "locations": [
          {
            "start": {
              "line": 88,
              "column": 6
            },
            "end": {
              "line": 89,
              "column": 54
            }
          },
          {
            "start": {},
            "end": {}
          }
        ],
        "line": 88
      }
    },
    "s": {
      "0": 1,
      "1": 1,
      "2": 0,
      "3": 1,
      "4": 1,
      "5": 1,
      "6": 1,
      "7": 1,
      "8": 1,
      "9": 1,
      "10": 2,
      "11": 2,
      "12": 2,
      "13": 2,
      "14": 5,
      "15": 2,
      "16": 4,
      "17": 2,
      "18": 0,
      "19": 2,
      "20": 0,
      "21": 0,
      "22": 2,
      "23": 0,
      "24": 2,
      "25": 2,
      "26": 0,
      "27": 0,
      "28": 1,
      "29": 1,
      "30": 1,
      "31": 1,
      "32": 1,
      "33": 1,
      "34": 1,
      "35": 1,
      "36": 1,
      "37": 1,
      "38": 0,
      "39": 0,
      "40": 0,
      "41": 0,
      "42": 0
    },
    "f": {
      "0": 1,
      "1": 2,
      "2": 5,
      "3": 4,
      "4": 0,
      "5": 0,
      "6": 0,
      "7": 1,
      "8": 1,
      "9": 0
    },
    "b": {
      "0": [
        1,
        0
      ],
      "1": [
        0,
        1
      ],
      "2": [
        0,
        2
      ],
      "3": [
        2,
        0
      ],
      "4": [
        0,
        0
      ],
      "5": [
        0,
        0
      ],
      "6": [
        1,
        0
      ],
      "7": [
        0,
        0
      ],
      "8": [
        0,
        0
      ]
    },
    "inputSourceMap": {
      "version": 3,
      "mappings": "AAoBqB,SAGjB,UAHiB;AAKiB;;;;;;;;;;;;;;;;AAzBtC,OAAOA,WAAW;AAClB,OAAOC,WAAW;AAClB,OAAOC,UAAU;AACjB,OAAOC,WAAW;AAClB,SAASC,mBAAmB;AAC5B,SAASC,gBAAgBC,sBAAsB;AAC/C,SAASC,qBAAqB;AAE9B,MAAMC,YAAsBA,MAAM;AAAAC;AAChC,QAAM,CAACC,aAAaC,YAAY,IAAIX,MAAMY,SAAkB,KAAK;AACjE,QAAMC,WAAWR,eAAc;AAC/B,QAAMS,eAAeR,eAAgBS,WAAUA,MAAMC,MAAMC,YAAY;AACvE,QAAMC,QAAQZ,eAAgBS,WAAUA,MAAMC,MAAME,KAAK;AAEzD,QAAMC,mBAAmBA,MAAMR,aAAa,KAAK;AACjD,QAAMS,kBAAkBA,CAACC,OAAe;AACtCR,aAASN,cAAcc,EAAE,CAAC;AAC1BV,iBAAa,IAAI;AAAA,EACnB;AAEA,MAAI,CAACO;AAAO,WAAO,uBAAC,OAAE,WAAWjB,MAAMqB,OAAO,0CAA3B;AAAA;AAAA;AAAA;AAAA,WAAqD;AACxE,MAAI,CAACJ,OAAOK;AAAQ,WAAO,uBAAC,OAAE,WAAWtB,MAAMqB,OAAO,mCAA3B;AAAA;AAAA;AAAA;AAAA,WAA8C;AACzE,SACE,mCACE;AAAA,2BAAC,SAAI,WAAWrB,MAAMuB,WAAW,eAAY,aAC1CN,mBAASA,MAAMO,IAAKC,UAAS,8BAAC,QAAK,SAASN,iBAAiB,GAAIM,MAAM,KAAKA,KAAKL,IAAG,CAAG,KAD1F;AAAA;AAAA;AAAA;AAAA,WAEA;AAAA,IACCX,eACC,uBAAC,SAAM,OAAM,iBAAgB,QAAQA,aAAa,SAASS,kBACzD,iCAAC,eAAY,MAAML,gBAAnB;AAAA;AAAA;AAAA;AAAA,WAAgC,KADlC;AAAA;AAAA;AAAA;AAAA,WAEA;AAAA,OAPJ;AAAA;AAAA;AAAA;AAAA,SASA;AAEJ;AAAEL,GA1BID,WAAmB;AAAA,UAENH,gBACIC,gBACPA,cAAc;AAAA;AAAAqB,KAJxBnB;AA4BN,eAAeA;AAAU;AAAAoB",
      "names": [
        "React",
        "style",
        "Card",
        "Modal",
        "CardDetails",
        "useAppDispatch",
        "useAppSelector",
        "fetchCardById",
        "CardsList",
        "_s",
        "isModalOpen",
        "setModalOpen",
        "useState",
        "dispatch",
        "selectedItem",
        "state",
        "cards",
        "selectedCard",
        "items",
        "handleModalClose",
        "handleCardClick",
        "id",
        "empty",
        "length",
        "container",
        "map",
        "item",
        "_c",
        "$RefreshReg$"
      ],
      "sources": [
        "D:/m/rsschool/rsschool/src/components/cardsList/CardsList.tsx"
      ],
      "file": "D:/m/rsschool/rsschool/src/components/cardsList/CardsList.tsx"
    },
    "_coverageSchema": "1a1c01bbd47fc00a2c39e90264f33305004495a9",
    "hash": "f9cf7a754c48f47e18703441b30d6a78f1d3c567"
  },
  "D:/m/rsschool/rsschool/src/components/wrapper/Wrapper.tsx": {
    "path": "D:/m/rsschool/rsschool/src/components/wrapper/Wrapper.tsx",
    "statementMap": {
      "0": {
        "start": {
          "line": 5,
          "column": 0
        },
        "end": {
          "line": 15,
          "column": 1
        }
      },
      "1": {
        "start": {
          "line": 6,
          "column": 2
        },
        "end": {
          "line": 8,
          "column": 3
        }
      },
      "2": {
        "start": {
          "line": 7,
          "column": 4
        },
        "end": {
          "line": 7,
          "column": 165
        }
      },
      "3": {
        "start": {
          "line": 9,
          "column": 2
        },
        "end": {
          "line": 9,
          "column": 39
        }
      },
      "4": {
        "start": {
          "line": 10,
          "column": 2
        },
        "end": {
          "line": 10,
          "column": 39
        }
      },
      "5": {
        "start": {
          "line": 11,
          "column": 2
        },
        "end": {
          "line": 13,
          "column": 4
        }
      },
      "6": {
        "start": {
          "line": 12,
          "column": 4
        },
        "end": {
          "line": 12,
          "column": 101
        }
      },
      "7": {
        "start": {
          "line": 14,
          "column": 2
        },
        "end": {
          "line": 14,
          "column": 75
        }
      },
      "8": {
        "start": {
          "line": 17,
          "column": 16
        },
        "end": {
          "line": 25,
          "column": 1
        }
      },
      "9": {
        "start": {
          "line": 20,
          "column": 2
        },
        "end": {
          "line": 24,
          "column": 11
        }
      },
      "10": {
        "start": {
          "line": 26,
          "column": 0
        },
        "end": {
          "line": 26,
          "column": 13
        }
      },
      "11": {
        "start": {
          "line": 29,
          "column": 0
        },
        "end": {
          "line": 29,
          "column": 28
        }
      },
      "12": {
        "start": {
          "line": 30,
          "column": 0
        },
        "end": {
          "line": 46,
          "column": 1
        }
      },
      "13": {
        "start": {
          "line": 31,
          "column": 2
        },
        "end": {
          "line": 31,
          "column": 39
        }
      },
      "14": {
        "start": {
          "line": 32,
          "column": 2
        },
        "end": {
          "line": 32,
          "column": 39
        }
      },
      "15": {
        "start": {
          "line": 33,
          "column": 2
        },
        "end": {
          "line": 45,
          "column": 5
        }
      },
      "16": {
        "start": {
          "line": 37,
          "column": 4
        },
        "end": {
          "line": 37,
          "column": 127
        }
      },
      "17": {
        "start": {
          "line": 38,
          "column": 4
        },
        "end": {
          "line": 44,
          "column": 7
        }
      },
      "18": {
        "start": {
          "line": 39,
          "column": 6
        },
        "end": {
          "line": 40,
          "column": 15
        }
      },
      "19": {
        "start": {
          "line": 40,
          "column": 8
        },
        "end": {
          "line": 40,
          "column": 15
        }
      },
      "20": {
        "start": {
          "line": 41,
          "column": 32
        },
        "end": {
          "line": 41,
          "column": 115
        }
      },
      "21": {
        "start": {
          "line": 42,
          "column": 6
        },
        "end": {
          "line": 43,
          "column": 54
        }
      },
      "22": {
        "start": {
          "line": 43,
          "column": 8
        },
        "end": {
          "line": 43,
          "column": 54
        }
      }
    },
    "fnMap": {
      "0": {
        "name": "(anonymous_0)",
        "decl": {
          "start": {
            "line": 11,
            "column": 24
          },
          "end": {
            "line": 11,
            "column": 25
          }
        },
        "loc": {
          "start": {
            "line": 11,
            "column": 38
          },
          "end": {
            "line": 13,
            "column": 3
          }
        },
        "line": 11
      },
      "1": {
        "name": "(anonymous_1)",
        "decl": {
          "start": {
            "line": 17,
            "column": 16
          },
          "end": {
            "line": 17,
            "column": 17
          }
        },
        "loc": {
          "start": {
            "line": 19,
            "column": 6
          },
          "end": {
            "line": 25,
            "column": 1
          }
        },
        "line": 19
      },
      "2": {
        "name": "(anonymous_2)",
        "decl": {
          "start": {
            "line": 36,
            "column": 9
          },
          "end": {
            "line": 36,
            "column": 10
          }
        },
        "loc": {
          "start": {
            "line": 36,
            "column": 29
          },
          "end": {
            "line": 45,
            "column": 3
          }
        },
        "line": 36
      },
      "3": {
        "name": "(anonymous_3)",
        "decl": {
          "start": {
            "line": 38,
            "column": 27
          },
          "end": {
            "line": 38,
            "column": 28
          }
        },
        "loc": {
          "start": {
            "line": 38,
            "column": 44
          },
          "end": {
            "line": 44,
            "column": 5
          }
        },
        "line": 38
      }
    },
    "branchMap": {
      "0": {
        "loc": {
          "start": {
            "line": 5,
            "column": 0
          },
          "end": {
            "line": 15,
            "column": 1
          }
        },
        "type": "if",
        "locations": [
          {
            "start": {
              "line": 5,
              "column": 0
            },
            "end": {
              "line": 15,
              "column": 1
            }
          },
          {
            "start": {},
            "end": {}
          }
        ],
        "line": 5
      },
      "1": {
        "loc": {
          "start": {
            "line": 6,
            "column": 2
          },
          "end": {
            "line": 8,
            "column": 3
          }
        },
        "type": "if",
        "locations": [
          {
            "start": {
[...]
            "column": 1
          }
        },
        "type": "if",
        "locations": [
          {
            "start": {
              "line": 40,
              "column": 0
            },
            "end": {
              "line": 56,
              "column": 1
            }
          },
          {
            "start": {},
            "end": {}
          }
        ],
        "line": 40
      },
      "3": {
        "loc": {
          "start": {
            "line": 49,
            "column": 6
          },
          "end": {
            "line": 50,
            "column": 15
          }
        },
        "type": "if",
        "locations": [
          {
            "start": {
              "line": 49,
              "column": 6
            },
            "end": {
              "line": 50,
              "column": 15
            }
          },
          {
            "start": {},
            "end": {}
          }
        ],
        "line": 49
      },
      "4": {
        "loc": {
          "start": {
            "line": 52,
            "column": 6
          },
          "end": {
            "line": 53,
            "column": 54
          }
        },
        "type": "if",
        "locations": [
          {
            "start": {
              "line": 52,
              "column": 6
            },
            "end": {
              "line": 53,
              "column": 54
            }
          },
          {
            "start": {},
            "end": {}
          }
        ],
        "line": 52
      }
    },
    "s": {
      "0": 1,
      "1": 1,
      "2": 0,
      "3": 1,
      "4": 1,
      "5": 1,
      "6": 1,
      "7": 1,
      "8": 1,
      "9": 0,
      "10": 1,
      "11": 1,
      "12": 1,
      "13": 1,
      "14": 1,
      "15": 1,
      "16": 1,
      "17": 1,
      "18": 0,
      "19": 0,
      "20": 0,
      "21": 0,
      "22": 0
    },
    "f": {
      "0": 1,
      "1": 0,
      "2": 1,
      "3": 0
    },
    "b": {
      "0": [
        1,
        0
      ],
      "1": [
        0,
        1
      ],
      "2": [
        1,
        0
      ],
      "3": [
        0,
        0
      ],
      "4": [
        0,
        0
      ]
    },
    "inputSourceMap": {
      "version": 3,
      "mappings": "AAOM;AAPN,OAAOA,oBAAkB;AAAA;AAAA;AAAA;AAAA;AAAA;AAAA;AAAA;AAAA;AAAA;AAAA;AAAA;AAAA;AAAA;AACzB,SAASC,MAAMC,eAAe;AAC9B,SAASC,iBAAiB;AAE1B,MAAMC,WAAqBA,MAAM;AAC/B,SACE,uBAAC,WACC;AAAA,2BAAC,UAAD;AAAA;AAAA;AAAA;AAAA,WAAK;AAAA,IACL,uBAAC,eAAD;AAAA;AAAA;AAAA;AAAA,WAAU;AAAA,OAFZ;AAAA;AAAA;AAAA;AAAA,SAGA;AAEJ;AAAEC,KAPID;AASN,eAAeA;AAAS;AAAAE",
      "names": [
        "React",
        "Form",
        "Wrapper",
        "UsersList",
        "FormPage",
        "_c",
        "$RefreshReg$"
      ],
      "sources": [
        "D:/m/rsschool/rsschool/src/pages/FormPage.tsx"
      ],
      "file": "D:/m/rsschool/rsschool/src/pages/FormPage.tsx"
    },
    "_coverageSchema": "1a1c01bbd47fc00a2c39e90264f33305004495a9",
    "hash": "6f8055c5403c0cdc4c493f0108ac3daeec3ca082"
  },
  "D:/m/rsschool/rsschool/src/pages/index.ts": {
    "path": "D:/m/rsschool/rsschool/src/pages/index.ts",
    "statementMap": {},
    "fnMap": {},
    "branchMap": {},
    "s": {},
    "f": {},
    "b": {},
    "inputSourceMap": {
      "version": 3,
      "sources": [
        "D:/m/rsschool/rsschool/src/pages/index.ts"
      ],
      "mappings": "AAAA,iCAAiC;AACjC,oCAAoC;AACpC,gCAAgC;AAChC,oCAAoC;",
      "names": []
    },
    "_coverageSchema": "1a1c01bbd47fc00a2c39e90264f33305004495a9",
    "hash": "c549191d72a182acc6ab16a1860a25a0ba456ba7"
  },
  "D:/m/rsschool/rsschool/src/App.tsx": {
    "path": "D:/m/rsschool/rsschool/src/App.tsx",
    "statementMap": {
      "0": {
        "start": {
          "line": 5,
          "column": 0
        },
        "end": {
          "line": 15,
          "column": 1
        }
      },
      "1": {
        "start": {
          "line": 6,
          "column": 2
        },
        "end": {
          "line": 8,
          "column": 3
        }
      },
      "2": {
        "start": {
          "line": 7,
          "column": 4
        },
        "end": {
          "line": 7,
          "column": 165
        }
      },
      "3": {
        "start": {
          "line": 9,
          "column": 2
        },
        "end": {
          "line": 9,
          "column": 39
        }
      },
      "4": {
        "start": {
          "line": 10,
          "column": 2
        },
        "end": {
          "line": 10,
          "column": 39
        }
      },
      "5": {
        "start": {
          "line": 11,
          "column": 2
        },
        "end": {
          "line": 13,
          "column": 4
        }
      },
      "6": {
        "start": {
          "line": 12,
          "column": 4
        },
        "end": {
          "line": 12,
          "column": 78
        }
      },
      "7": {
        "start": {
          "line": 14,
          "column": 2
        },
        "end": {
          "line": 14,
          "column": 75
        }
      },
      "8": {
        "start": {
          "line": 19,
          "column": 2
        },
        "end": {
          "line": 34,
          "column": 11
        }
      },
      "9": {
        "start": {
          "line": 36,
          "column": 0
        },
        "end": {
          "line": 36,
          "column": 9
        }
      },
      "10": {
        "start": {
          "line": 39,
          "column": 0
        },
        "end": {
          "line": 39,
          "column": 24
        }
      },
      "11": {
        "start": {
          "line": 40,
          "column": 0
        },
        "end": {
          "line": 56,
          "column": 1
        }
      },
      "12": {
        "start": {
          "line": 41,
          "column": 2
        },
        "end": {
          "line": 41,
          "column": 39
        }
      },
      "13": {
        "start": {
          "line": 42,
          "column": 2
        },
        "end": {
          "line": 42,
          "column": 39
        }
      },
      "14": {
        "start": {
          "line": 43,
          "column": 2
        },
        "end": {
          "line": 55,
          "column": 5
        }
      },
      "15": {
        "start": {
          "line": 47,
          "column": 4
        },
        "end": {
          "line": 47,
          "column": 104
        }
      },
      "16": {
        "start": {
          "line": 48,
          "column": 4
        },
        "end": {
          "line": 54,
          "column": 7
        }
      },
      "17": {
        "start": {
          "line": 49,
          "column": 6
        },
        "end": {
          "line": 50,
          "column": 15
        }
      },
      "18": {
        "start": {
          "line": 50,
          "column": 8
        },
        "end": {
          "line": 50,
          "column": 15
        }
      },
      "19": {
        "start": {
          "line": 51,
          "column": 32
        },
        "end": {
          "line": 51,
          "column": 115
        }
      },
      "20": {
        "start": {
          "line": 52,
          "column": 6
        },
        "end": {
          "line": 53,
          "column": 54
        }
      },
      "21": {
        "start": {
          "line": 53,
          "column": 8
        },
        "end": {
          "line": 53,
          "column": 54
        }
      }
    },
    "fnMap": {
      "0": {
        "name": "(anonymous_0)",
        "decl": {
          "start": {
            "line": 11,
            "column": 24
          },
          "end": {
            "line": 11,
            "column": 25
          }
        },
        "loc": {
          "start": {
            "line": 11,
            "column": 38
          },
          "end": {
            "line": 13,
            "column": 3
          }
        },
        "line": 11
      },
      "1": {
        "name": "App",
        "decl": {
          "start": {
            "line": 18,
            "column": 9
          },
          "end": {
            "line": 18,
            "column": 12
          }
        },
        "loc": {
          "start": {
            "line": 18,
            "column": 15
          },
          "end": {
            "line": 35,
            "column": 1
          }
        },
        "line": 18
      },
      "2": {
        "name": "(anonymous_2)",
        "decl": {
          "start": {
            "line": 46,
            "column": 9
          },
          "end": {
            "line": 46,
            "column": 10
          }
        },
        "loc": {
          "start": {
            "line": 46,
            "column": 29
          },
          "end": {
            "line": 55,
            "column": 3
          }
        },
        "line": 46
      },
      "3": {
        "name": "(anonymous_3)",
        "decl": {
          "start": {
            "line": 48,
            "column": 27
          },
          "end": {
            "line": 48,
            "column": 28
          }
        },
        "loc": {
          "start": {
            "line": 48,
            "column": 44
          },
          "end": {
            "line": 54,
            "column": 5
          }
        },
        "line": 48
      }
    },
    "branchMap": {
      "0": {
        "loc": {
          "start": {
            "line": 5,
            "column": 0
          },
          "end": {
            "line": 15,
            "column": 1
          }
        },
        "type": "if",
        "locations": [
          {
            "start": {
              "line": 5,
              "column": 0
            },
            "end": {
              "line": 15,
              "column": 1
            }
          },
          {
            "start": {},
            "end": {}
          }
        ],
        "line": 5
      },
      "1": {
        "loc": {
          "start": {
            "line": 6,
            "column": 2
          },
          "end": {
            "line": 8,
            "column": 3
          }
        },
        "type": "if",
        "locations": [
          {
            "start": {
              "line": 6,
              "column": 2
            },
            "end": {
              "line": 8,
              "column": 3
            }
          },
          {
            "start": {},
            "end": {}
          }
        ],
        "line": 6
      },
      "2": {
        "loc": {
          "start": {
            "line": 40,
            "column": 0
          },
          "end": {
            "line": 56,
            "column": 1
          }
        },
        "type": "if",
        "locations": [
          {
            "start": {
              "line": 40,
              "column": 0
            },
            "end": {
              "line": 56,
              "column": 1
            }
          },
          {
            "start": {},
            "end": {}
          }
        ],
        "line": 40
      },
      "3": {
        "loc": {
          "start": {
            "line": 49,
            "column": 6
          },
          "end": {
            "line": 50,
            "column": 15
          }
        },
        "type": "if",
        "locations": [
          {
            "start": {
              "line": 49,
              "column": 6
            },
            "end": {
              "line": 50,
              "column": 15
            }
          },
          {
            "start": {},
            "end": {}
          }
        ],
        "line": 49
      },
      "4": {
        "loc": {
          "start": {
            "line": 52,
            "column": 6
          },
          "end": {
            "line": 53,
            "column": 54
          }
        },
        "type": "if",
        "locations": [
          {
            "start": {
              "line": 52,
              "column": 6
            },
            "end": {
              "line": 53,
              "column": 54
            }
          },
          {
            "start": {},
            "end": {}
          }
        ],
        "line": 52
      }
    },
    "s": {
      "0": 1,
      "1": 1,
      "2": 0,
      "3": 1,
      "4": 1,
      "5": 1,
      "6": 1,
      "7": 1,
      "8": 2,
      "9": 1,
      "10": 1,
      "11": 1,
      "12": 1,
      "13": 1,
      "14": 1,
      "15": 1,
      "16": 1,
      "17": 0,
      "18": 0,
      "19": 0,
      "20": 0,
      "21": 0
    },
    "f": {
      "0": 1,
      "1": 2,
      "2": 1,
      "3": 0
    },
    "b": {
      "0": [
        1,
        0
      ],
      "1": [
        0,
        1
      ],
      "2": [
        1,
        0
      ],
      "3": [
        0,
        0
      ],
      "4": [
        0,
        0
      ]
    },
    "inputSourceMap": {
      "version": 3,
      "mappings": "AAOM;AAPN,OAAOA,oBAAkB;AAAA;AAAA;AAAA;AAAA;AAAA;AAAA;AAAA;AAAA;AAAA;AAAA;AAAA;AAAA;AAAA;AACzB,SAASC,cAAc;AACvB,SAASC,cAAc;AAEvB,SAASC,MAAM;AACb,SACE,uBAAC,SAAI,WAAU,OACb;AAAA,2BAAC,YAAD;AAAA;AAAA;AAAA;AAAA,WAAO;AAAA,IACP,uBAAC,YAAD;AAAA;AAAA;AAAA;AAAA,WAAO;AAAA,OAFT;AAAA;AAAA;AAAA;AAAA,SAGA;AAEJ;AAACC,KAPQD;AAST,eAAeA;AAAI;AAAAE",
      "names": [
        "React",
        "Outlet",
        "Header",
        "App",
        "_c",
        "$RefreshReg$"
      ],
      "sources": [
        "D:/m/rsschool/rsschool/src/App.tsx"
      ],
      "file": "D:/m/rsschool/rsschool/src/App.tsx"
    },
    "_coverageSchema": "1a1c01bbd47fc00a2c39e90264f33305004495a9",
    "hash": "b610b76a14dea0def81d9ce763b555f38c00140c"
  },
  "D:/m/rsschool/rsschool/src/main.tsx": {
    "path": "D:/m/rsschool/rsschool/src/main.tsx",
    "statementMap": {
      "0": {
        "start": {
          "line": 10,
          "column": 22
        },
        "end": {
          "line": 44,
          "column": 2
        }
      },
      "1": {
        "start": {
          "line": 45,
          "column": 15
        },
        "end": {
          "line": 45,
          "column": 42
        }
      },
      "2": {
        "start": {
          "line": 46,
          "column": 0
        },
        "end": {
          "line": 58,
          "column": 10
        }
      }
    },
    "fnMap": {},
    "branchMap": {},
    "s": {
      "0": 1,
      "1": 1,
      "2": 1
    },
    "f": {},
    "b": {},
    "inputSourceMap": {
      "version": 3,
      "mappings": "AAYa;AAZb,SAASA,OAAOC,MAAMC,UAAUC,gBAAgB;AAChD,OAAOC,WAAW;AAClB,OAAOC,cAAc;AACrB,SAASC,qBAAqBC,sBAAsB;AACpD,OAAOC,SAAS;AAChB,OAAO;AACP,SAASC,gBAAgB;AACzB,SAASC,aAAa;AAEf,aAAMC,SAAS,CACpB;AAAA,EACEC,MAAM;AAAA,EACNC,SAAS,uBAAC,SAAD;AAAA;AAAA;AAAA;AAAA,SAAI;AAAA,EACbC,cAAc,uBAAC,cAAD;AAAA;AAAA;AAAA;AAAA,SAAS;AAAA,EACvBC,UAAU,CACR;AAAA,IACEH,MAAM;AAAA,IACNC,SAAS,uBAAC,UAAD;AAAA;AAAA;AAAA;AAAA,WAAK;AAAA,EAChB,GACA;AAAA,IACED,MAAM;AAAA,IACNC,SAAS,uBAAC,WAAD;AAAA;AAAA;AAAA;AAAA,WAAM;AAAA,EACjB,GACA;AAAA,IACED,MAAM;AAAA,IACNC,SAAS,uBAAC,cAAD;AAAA;AAAA;AAAA;AAAA,WAAS;AAAA,EACpB,CAAC;AAEL,CAAC;AAGH,MAAMG,SAASV,oBAAoBK,MAAM;AAEzCN,SAASY,WAAWC,SAASC,eAAe,MAAM,CAAgB,EAAEC,OAClE,uBAAC,MAAM,YAAN,EACC,iCAAC,YAAS,OACR,iCAAC,kBAAe,UAAhB;AAAA;AAAA;AAAA;AAAA,OAA+B,KADjC;AAAA;AAAA;AAAA;AAAA,OAEA,KAHF;AAAA;AAAA;AAAA;AAAA,OAIA,CAAmB",
      "names": [
        "About",
        "Main",
        "NotFound",
        "FormPage",
        "React",
        "ReactDOM",
        "createBrowserRouter",
        "RouterProvider",
        "App",
        "Provider",
        "store",
        "routes",
        "path",
        "element",
        "errorElement",
        "children",
        "router",
        "createRoot",
        "document",
        "getElementById",
        "render"
      ],
      "sources": [
        "D:/m/rsschool/rsschool/src/main.tsx"
      ],
      "file": "D:/m/rsschool/rsschool/src/main.tsx"
    },
    "_coverageSchema": "1a1c01bbd47fc00a2c39e90264f33305004495a9",
    "hash": "b14205448b0c7393afcfa99ef66b49d49479a927"
  },
  "D:/m/rsschool/rsschool/src/utils/types/index.ts": {
    "path": "D:/m/rsschool/rsschool/src/utils/types/index.ts",
    "statementMap": {},
    "fnMap": {},
    "branchMap": {},
    "s": {},
    "f": {},
    "b": {}
  },
  "D:/m/rsschool/rsschool/src/entry-client.tsx": {
    "path": "D:/m/rsschool/rsschool/src/entry-client.tsx",
    "statementMap": {},
    "fnMap": {},
    "branchMap": {},
    "s": {},
    "f": {},
    "b": {}
  },
  "D:/m/rsschool/rsschool/src/entry-server.tsx": {
    "path": "D:/m/rsschool/rsschool/src/entry-server.tsx",
    "statementMap": {},
    "fnMap": {},
    "branchMap": {},
    "s": {},
    "f": {},
    "b": {}
  },
  "D:/m/rsschool/rsschool/src/pages/pages.test.tsx": {
    "path": "D:/m/rsschool/rsschool/src/pages/pages.test.tsx",
    "statementMap": {},
    "fnMap": {},
    "branchMap": {},
    "s": {},
    "f": {},
    "b": {}
  },
  "D:/m/rsschool/rsschool/src/components/card/Card.test.tsx": {
    "path": "D:/m/rsschool/rsschool/src/components/card/Card.test.tsx",
    "statementMap": {},
    "fnMap": {},
    "branchMap": {},
    "s": {},
    "f": {},
    "b": {}
  },
  "D:/m/rsschool/rsschool/src/components/cardDetails/CardDetails.test.tsx": {
    "path": "D:/m/rsschool/rsschool/src/components/cardDetails/CardDetails.test.tsx",
    "statementMap": {},
    "fnMap": {},
    "branchMap": {},
    "s": {},
    "f": {},
    "b": {}
  },
  "D:/m/rsschool/rsschool/src/components/cardsList/CardsList.test.tsx": {
    "path": "D:/m/rsschool/rsschool/src/components/cardsList/CardsList.test.tsx",
    "statementMap": {},
    "fnMap": {},
    "branchMap": {},
    "s": {},
    "f": {},
    "b": {}
  },
  "D:/m/rsschool/rsschool/src/components/form/Form.test.tsx": {
    "path": "D:/m/rsschool/rsschool/src/components/form/Form.test.tsx",
    "statementMap": {},
    "fnMap": {},
    "branchMap": {},
    "s": {},
    "f": {},
    "b": {}
  },
  "D:/m/rsschool/rsschool/src/components/header/Header.test.tsx": {
    "path": "D:/m/rsschool/rsschool/src/components/header/Header.test.tsx",
    "statementMap": {},
    "fnMap": {},
    "branchMap": {},
    "s": {},
    "f": {},
    "b": {}
  },
  "D:/m/rsschool/rsschool/src/components/inputWrapper/InputWrapper.test.tsx": {
    "path": "D:/m/rsschool/rsschool/src/components/inputWrapper/InputWrapper.test.tsx",
    "statementMap": {},
    "fnMap": {},
    "branchMap": {},
    "s": {},
    "f": {},
    "b": {}
  },
  "D:/m/rsschool/rsschool/src/components/modal/Modal.test.tsx": {
    "path": "D:/m/rsschool/rsschool/src/components/modal/Modal.test.tsx",
    "statementMap": {},
    "fnMap": {},
    "branchMap": {},
    "s": {},
    "f": {},
    "b": {}
  },
  "D:/m/rsschool/rsschool/src/components/notification/Notification.test.tsx": {
    "path": "D:/m/rsschool/rsschool/src/components/notification/Notification.test.tsx",
    "statementMap": {},
    "fnMap": {},
    "branchMap": {},
    "s": {},
    "f": {},
    "b": {}
  },
  "D:/m/rsschool/rsschool/src/components/search/Search.test.tsx": {
    "path": "D:/m/rsschool/rsschool/src/components/search/Search.test.tsx",
    "statementMap": {},
    "fnMap": {},
    "branchMap": {},
    "s": {},
    "f": {},
    "b": {}
  },
  "D:/m/rsschool/rsschool/src/components/userCard/UserCard.test.tsx": {
    "path": "D:/m/rsschool/rsschool/src/components/userCard/UserCard.test.tsx",
    "statementMap": {},
    "fnMap": {},
    "branchMap": {},
    "s": {},
    "f": {},
    "b": {}
  },
  "D:/m/rsschool/rsschool/src/components/usersList/UsersList.test.tsx": {
    "path": "D:/m/rsschool/rsschool/src/components/usersList/UsersList.test.tsx",
    "statementMap": {},
    "fnMap": {},
    "branchMap": {},
    "s": {},
    "f": {},
    "b": {}
  },
  "D:/m/rsschool/rsschool/src/components/wrapper/Wrapper.test.tsx": {
    "path": "D:/m/rsschool/rsschool/src/components/wrapper/Wrapper.test.tsx",
    "statementMap": {},
    "fnMap": {},
    "branchMap": {},
    "s": {},
    "f": {},
    "b": {}
  },
  "D:/m/rsschool/rsschool/src/utils/test/testUtils.tsx": {
    "path": "D:/m/rsschool/rsschool/src/utils/test/testUtils.tsx",
    "statementMap": {},
    "fnMap": {},
    "branchMap": {},
    "s": {},
    "f": {},
    "b": {}
  }
}
